This is pdfTeXk, Version 3.141592-1.40.3 (Web2C 7.5.6) (format=pdflatex 2016.7.20)  18 OCT 2018 00:05
entering extended mode
 %&-line parsing enabled.
**jhepexample.tex
(./jhepexample.tex
LaTeX2e <2005/12/01>
Babel <v3.8h> and hyphenation patterns for english, usenglishmax, dumylang, noh
yphenation, arabic, basque, bulgarian, coptic, welsh, czech, slovak, german, ng
erman, danish, esperanto, spanish, catalan, galician, estonian, farsi, finnish,
 french, greek, monogreek, ancientgreek, croatian, hungarian, interlingua, ibyc
us, indonesian, icelandic, italian, latin, mongolian, dutch, norsk, polish, por
tuguese, pinyin, romanian, russian, slovenian, uppersorbian, serbian, swedish, 
turkish, ukenglish, ukrainian, loaded.
(/usr/share/texmf/tex/latex/base/article.cls
Document Class: article 2005/09/16 v1.4f Standard LaTeX document class
(/usr/share/texmf/tex/latex/base/size11.clo
File: size11.clo 2005/09/16 v1.4f Standard LaTeX file (size option)
)
\c@part=\count79
\c@section=\count80
\c@subsection=\count81
\c@subsubsection=\count82
\c@paragraph=\count83
\c@subparagraph=\count84
\c@figure=\count85
\c@table=\count86
\abovecaptionskip=\skip41
\belowcaptionskip=\skip42
\bibindent=\dimen102
) (./jheppub.sty
Package: jheppub 2012/06/08 r448

(/usr/share/texmf/tex/latex/amsmath/amsmath.sty
Package: amsmath 2000/07/18 v2.13 AMS math features
\@mathmargin=\skip43

For additional information on amsmath, use the `?' option.
(/usr/share/texmf/tex/latex/amsmath/amstext.sty
Package: amstext 2000/06/29 v2.01

(/usr/share/texmf/tex/latex/amsmath/amsgen.sty
File: amsgen.sty 1999/11/30 v2.0
\@emptytoks=\toks14
\ex@=\dimen103
))
(/usr/share/texmf/tex/latex/amsmath/amsbsy.sty
Package: amsbsy 1999/11/29 v1.2d
\pmbraise@=\dimen104
)
(/usr/share/texmf/tex/latex/amsmath/amsopn.sty
Package: amsopn 1999/12/14 v2.01 operator names
)
\inf@bad=\count87
LaTeX Info: Redefining \frac on input line 211.
\uproot@=\count88
\leftroot@=\count89
LaTeX Info: Redefining \overline on input line 307.
\classnum@=\count90
\DOTSCASE@=\count91
LaTeX Info: Redefining \ldots on input line 379.
LaTeX Info: Redefining \dots on input line 382.
LaTeX Info: Redefining \cdots on input line 467.
\Mathstrutbox@=\box26
\strutbox@=\box27
\big@size=\dimen105
LaTeX Font Info:    Redeclaring font encoding OML on input line 567.
LaTeX Font Info:    Redeclaring font encoding OMS on input line 568.
\macc@depth=\count92
\c@MaxMatrixCols=\count93
\dotsspace@=\muskip10
\c@parentequation=\count94
\dspbrk@lvl=\count95
\tag@help=\toks15
\row@=\count96
\column@=\count97
\maxfields@=\count98
\andhelp@=\toks16
\eqnshift@=\dimen106
\alignsep@=\dimen107
\tagshift@=\dimen108
\tagwidth@=\dimen109
\totwidth@=\dimen110
\lineht@=\dimen111
\@envbody=\toks17
\multlinegap=\skip44
\multlinetaggap=\skip45
\mathdisplay@stack=\toks18
LaTeX Info: Redefining \[ on input line 2666.
LaTeX Info: Redefining \] on input line 2667.
)
(/usr/share/texmf/tex/latex/amsfonts/amssymb.sty
Package: amssymb 2002/01/22 v2.2d

(/usr/share/texmf/tex/latex/amsfonts/amsfonts.sty
Package: amsfonts 2001/10/25 v2.2f
\symAMSa=\mathgroup4
\symAMSb=\mathgroup5
LaTeX Font Info:    Overwriting math alphabet `\mathfrak' in version `bold'
(Font)                  U/euf/m/n --> U/euf/b/n on input line 132.
))
(/usr/share/texmf/tex/latex/graphics/epsfig.sty
Package: epsfig 1999/02/16 v1.7a (e)psfig emulation (SPQR)

(/usr/share/texmf/tex/latex/graphics/graphicx.sty
Package: graphicx 1999/02/16 v1.0f Enhanced LaTeX Graphics (DPC,SPQR)

(/usr/share/texmf/tex/latex/graphics/keyval.sty
Package: keyval 1999/03/16 v1.13 key=value parser (DPC)
\KV@toks@=\toks19
)
(/usr/share/texmf/tex/latex/graphics/graphics.sty
Package: graphics 2006/02/20 v1.0o Standard LaTeX Graphics (DPC,SPQR)

(/usr/share/texmf/tex/latex/graphics/trig.sty
Package: trig 1999/03/16 v1.09 sin cos tan (DPC)
)
(/usr/share/texmf/tex/latex/config/graphics.cfg
File: graphics.cfg 2007/01/18 v1.5 graphics configuration of teTeX/TeXLive
)
Package graphics Info: Driver file: pdftex.def on input line 90.

(/usr/share/texmf/tex/latex/pdftex-def/pdftex.def
File: pdftex.def 2007/01/08 v0.04d Graphics/color for pdfTeX
\Gread@gobject=\count99
))
\Gin@req@height=\dimen112
\Gin@req@width=\dimen113
)
\epsfxsize=\dimen114
\epsfysize=\dimen115
)
(/usr/share/texmf/tex/latex/natbib/natbib.sty
Package: natbib 2007/02/05 8.0 (PWD)
\bibhang=\skip46
\bibsep=\skip47
LaTeX Info: Redefining \cite on input line 602.
\c@NAT@ctr=\count100
)
(/usr/share/texmf/tex/latex/graphics/color.sty
Package: color 2005/11/14 v1.0j Standard LaTeX Color (DPC)

(/usr/share/texmf/tex/latex/config/color.cfg
File: color.cfg 2007/01/18 v1.5 color configuration of teTeX/TeXLive
)
Package color Info: Driver file: pdftex.def on input line 130.
)
(/usr/share/texmf/tex/latex/hyperref/hyperref.sty
Package: hyperref 2007/02/07 v6.75r Hypertext links for LaTeX
\@linkdim=\dimen116
\Hy@linkcounter=\count101
\Hy@pagecounter=\count102

(/usr/share/texmf/tex/latex/hyperref/pd1enc.def
File: pd1enc.def 2007/02/07 v6.75r Hyperref: PDFDocEncoding definition (HO)
)
(/usr/share/texmf/tex/latex/config/hyperref.cfg
File: hyperref.cfg 2002/06/06 v1.2 hyperref configuration of TeXLive
)
(/usr/share/texmf/tex/latex/oberdiek/kvoptions.sty
Package: kvoptions 2006/08/22 v2.4 Connects package keyval with LaTeX options (
HO)
)
Package hyperref Info: Option `colorlinks' set `true' on input line 2238.
Package hyperref Info: Option `linktocpage' set `true' on input line 2238.
Package hyperref Info: Hyper figures OFF on input line 2288.
Package hyperref Info: Link nesting OFF on input line 2293.
Package hyperref Info: Hyper index ON on input line 2296.
Package hyperref Info: Plain pages OFF on input line 2303.
Package hyperref Info: Backreferencing OFF on input line 2308.

Implicit mode ON; LaTeX internals redefined
Package hyperref Info: Bookmarks ON on input line 2444.
(/usr/share/texmf/tex/latex/ltxmisc/url.sty
\Urlmuskip=\muskip11
Package: url 2005/06/27  ver 3.2  Verb mode for urls, etc.
)
LaTeX Info: Redefining \url on input line 2599.
\Fld@menulength=\count103
\Field@Width=\dimen117
\Fld@charsize=\dimen118
\Choice@toks=\toks20
\Field@toks=\toks21
Package hyperref Info: Hyper figures OFF on input line 3102.
Package hyperref Info: Link nesting OFF on input line 3107.
Package hyperref Info: Hyper index ON on input line 3110.
Package hyperref Info: backreferencing OFF on input line 3117.
Package hyperref Info: Link coloring ON on input line 3120.
\Hy@abspage=\count104
\c@Item=\count105
\c@Hfootnote=\count106
)
*hyperref using default driver hpdftex*
(/usr/share/texmf/tex/latex/hyperref/hpdftex.def
File: hpdftex.def 2007/02/07 v6.75r Hyperref driver for pdfTeX
\Fld@listcount=\count107
)
\auth@toks=\toks22
\affil@toks=\toks23
\email@toks=\toks24
\c@email@counter=\count108
\affiliationsSep=\skip48
LaTeX Font Info:    Try loading font information for OT1+phv on input line 140.


(/usr/share/texmf/tex/latex/psnfss/ot1phv.fd
File: ot1phv.fd 2001/06/04 scalable font definitions for OT1/phv.
))
(/usr/share/texmf/tex/latex/base/fontenc.sty
Package: fontenc 2005/09/27 v1.99g Standard LaTeX package

(/usr/share/texmf/tex/latex/base/t1enc.def
File: t1enc.def 2005/09/27 v1.99g Standard LaTeX file
LaTeX Font Info:    Redeclaring font encoding T1 on input line 43.
))
(/usr/share/texmf/tex/latex/carlisle/slashed.sty
Package: slashed 1997/01/16 v0.01 Feynman Slashed Character Notation (DPC)
)
(/usr/share/texmf/tex/latex/booktabs/booktabs.sty
Package: booktabs 2005/03/16 v1.6180 publication quality tables
\heavyrulewidth=\dimen119
\lightrulewidth=\dimen120
\cmidrulewidth=\dimen121
\belowrulesep=\dimen122
\belowbottomsep=\dimen123
\aboverulesep=\dimen124
\abovetopsep=\dimen125
\cmidrulesep=\dimen126
\cmidrulekern=\dimen127
\defaultaddspace=\dimen128
\@cmidla=\count109
\@cmidlb=\count110
\@aboverulesep=\dimen129
\@belowrulesep=\dimen130
\@thisruleclass=\count111
\@lastruleclass=\count112
\@thisrulewidth=\dimen131
) (./jhepexample.aux)
\openout1 = `jhepexample.aux'.

LaTeX Font Info:    Checking defaults for OML/cmm/m/it on input line 44.
LaTeX Font Info:    ... okay on input line 44.
LaTeX Font Info:    Checking defaults for T1/cmr/m/n on input line 44.
LaTeX Font Info:    ... okay on input line 44.
LaTeX Font Info:    Checking defaults for OT1/cmr/m/n on input line 44.
LaTeX Font Info:    ... okay on input line 44.
LaTeX Font Info:    Checking defaults for OMS/cmsy/m/n on input line 44.
LaTeX Font Info:    ... okay on input line 44.
LaTeX Font Info:    Checking defaults for OMX/cmex/m/n on input line 44.
LaTeX Font Info:    ... okay on input line 44.
LaTeX Font Info:    Checking defaults for U/cmr/m/n on input line 44.
LaTeX Font Info:    ... okay on input line 44.
LaTeX Font Info:    Checking defaults for PD1/pdf/m/n on input line 44.
LaTeX Font Info:    ... okay on input line 44.
Package hyperref Info: Link coloring ON on input line 44.

(/usr/share/texmf/tex/latex/hyperref/nameref.sty
Package: nameref 2006/12/27 v2.28 Cross-referencing by name of section

(/usr/share/texmf/tex/latex/oberdiek/refcount.sty
Package: refcount 2006/02/20 v3.0 Data extraction from references (HO)
)
\c@section@level=\count113
)
LaTeX Info: Redefining \ref on input line 44.
LaTeX Info: Redefining \pageref on input line 44.
 (./jhepexample.out)
(./jhepexample.out)
\@outlinefile=\write3
\openout3 = `jhepexample.out'.

LaTeX Font Info:    Try loading font information for T1+cmss on input line 45.
 (/usr/share/texmf/tex/latex/base/t1cmss.fd
File: t1cmss.fd 1999/05/25 v2.5h Standard LaTeX font definitions
)
LaTeX Font Info:    Try loading font information for U+msa on input line 45.

(/usr/share/texmf/tex/latex/amsfonts/umsa.fd
File: umsa.fd 2002/01/19 v2.2g AMS font definitions
)
LaTeX Font Info:    Try loading font information for U+msb on input line 45.

(/usr/share/texmf/tex/latex/amsfonts/umsb.fd
File: umsb.fd 2002/01/19 v2.2g AMS font definitions
)
LaTeX Font Info:    Try loading font information for T1+cmtt on input line 45.

(/usr/share/texmf/tex/latex/base/t1cmtt.fd
File: t1cmtt.fd 1999/05/25 v2.5h Standard LaTeX font definitions
) [0

{/usr/share/texmf/fonts/map/pdftex/updmap/pdftex.map}] (./jhepexample.toc)
\tf@toc=\write4
\openout4 = `jhepexample.toc'.



Package natbib Warning: Citation `2015baa' on page 1 undefined on input line 55
.


Underfull \hbox (badness 10000) in paragraph at lines 55--57

 []


Underfull \hbox (badness 10000) in paragraph at lines 58--60

 []

[1]

Package hyperref Warning: Token not allowed in a PDFDocEncoded string,
(hyperref)                removing `math shift' on input line 67.


Package hyperref Warning: Token not allowed in a PDFDocEncoded string,
(hyperref)                removing `\mathchoice' on input line 67.


Package hyperref Warning: Token not allowed in a PDFDocEncoded string,
(hyperref)                removing `\setbox' on input line 67.


Package hyperref Warning: Token not allowed in a PDFDocEncoded string,
(hyperref)                removing `\z@' on input line 67.


Package hyperref Warning: Token not allowed in a PDFDocEncoded string,
(hyperref)                removing `\hbox' on input line 67.


Package hyperref Warning: Token not allowed in a PDFDocEncoded string,
(hyperref)                removing `math shift' on input line 67.


Package hyperref Warning: Token not allowed in a PDFDocEncoded string,
(hyperref)                removing `\mathsurround' on input line 67.


Package hyperref Warning: Token not allowed in a PDFDocEncoded string,
(hyperref)                removing `\z@' on input line 67.


Package hyperref Warning: Token not allowed in a PDFDocEncoded string,
(hyperref)                removing `\displaystyle' on input line 67.


Package hyperref Warning: Token not allowed in a PDFDocEncoded string,
(hyperref)                removing `math shift' on input line 67.


Package hyperref Warning: Token not allowed in a PDFDocEncoded string,
(hyperref)                removing `\setbox' on input line 67.


Package hyperref Warning: Token not allowed in a PDFDocEncoded string,
(hyperref)                removing `\tw@' on input line 67.


Package hyperref Warning: Token not allowed in a PDFDocEncoded string,
(hyperref)                removing `\hbox' on input line 67.


Package hyperref Warning: Token not allowed in a PDFDocEncoded string,
(hyperref)                removing `math shift' on input line 67.


Package hyperref Warning: Token not allowed in a PDFDocEncoded string,
(hyperref)                removing `\mathsurround' on input line 67.


Package hyperref Warning: Token not allowed in a PDFDocEncoded string,
(hyperref)                removing `\z@' on input line 67.


Package hyperref Warning: Token not allowed in a PDFDocEncoded string,
(hyperref)                removing `\displaystyle' on input line 67.


Package hyperref Warning: Token not allowed in a PDFDocEncoded string,
(hyperref)                removing `math shift' on input line 67.


Package hyperref Warning: Token not allowed in a PDFDocEncoded string,
(hyperref)                removing `\dimen' on input line 67.


Package hyperref Warning: Token not allowed in a PDFDocEncoded string,
(hyperref)                removing `\wd' on input line 67.


Package hyperref Warning: Token not allowed in a PDFDocEncoded string,
(hyperref)                removing `\z@' on input line 67.


Package hyperref Warning: Token not allowed in a PDFDocEncoded string,
(hyperref)                removing `\dimen@' on input line 67.


Package hyperref Warning: Token not allowed in a PDFDocEncoded string,
(hyperref)                removing `\ht' on input line 67.


Package hyperref Warning: Token not allowed in a PDFDocEncoded string,
(hyperref)                removing `\tw@' on input line 67.


Package hyperref Warning: Token not allowed in a PDFDocEncoded string,
(hyperref)                removing `\advance' on input line 67.


Package hyperref Warning: Token not allowed in a PDFDocEncoded string,
(hyperref)                removing `\dimen@' on input line 67.


Package hyperref Warning: Token not allowed in a PDFDocEncoded string,
(hyperref)                removing `\dp' on input line 67.


Package hyperref Warning: Token not allowed in a PDFDocEncoded string,
(hyperref)                removing `\tw@' on input line 67.


Package hyperref Warning: Token not allowed in a PDFDocEncoded string,
(hyperref)                removing `\advance' on input line 67.


Package hyperref Warning: Token not allowed in a PDFDocEncoded string,
(hyperref)                removing `\dimen@' on input line 67.


Package hyperref Warning: Token not allowed in a PDFDocEncoded string,
(hyperref)                removing `\ht' on input line 67.


Package hyperref Warning: Token not allowed in a PDFDocEncoded string,
(hyperref)                removing `\z@' on input line 67.


Package hyperref Warning: Token not allowed in a PDFDocEncoded string,
(hyperref)                removing `\advance' on input line 67.


Package hyperref Warning: Token not allowed in a PDFDocEncoded string,
(hyperref)                removing `\dimen@' on input line 67.


Package hyperref Warning: Token not allowed in a PDFDocEncoded string,
(hyperref)                removing `\dp' on input line 67.


Package hyperref Warning: Token not allowed in a PDFDocEncoded string,
(hyperref)                removing `\z@' on input line 67.


Package hyperref Warning: Token not allowed in a PDFDocEncoded string,
(hyperref)                removing `\divide' on input line 67.


Package hyperref Warning: Token not allowed in a PDFDocEncoded string,
(hyperref)                removing `\dimen@' on input line 67.


Package hyperref Warning: Token not allowed in a PDFDocEncoded string,
(hyperref)                removing `\tw@' on input line 67.


Package hyperref Warning: Token not allowed in a PDFDocEncoded string,
(hyperref)                removing `\advance' on input line 67.


Package hyperref Warning: Token not allowed in a PDFDocEncoded string,
(hyperref)                removing `\dimen@' on input line 67.


Package hyperref Warning: Token not allowed in a PDFDocEncoded string,
(hyperref)                removing `\ht' on input line 67.


Package hyperref Warning: Token not allowed in a PDFDocEncoded string,
(hyperref)                removing `\tw@' on input line 67.


Package hyperref Warning: Token not allowed in a PDFDocEncoded string,
(hyperref)                removing `\advance' on input line 67.


Package hyperref Warning: Token not allowed in a PDFDocEncoded string,
(hyperref)                removing `\dimen@' on input line 67.


Package hyperref Warning: Token not allowed in a PDFDocEncoded string,
(hyperref)                removing `\dp' on input line 67.


Package hyperref Warning: Token not allowed in a PDFDocEncoded string,
(hyperref)                removing `\tw@' on input line 67.


Package hyperref Warning: Token not allowed in a PDFDocEncoded string,
(hyperref)                removing `\dimen@ii' on input line 67.


Package hyperref Warning: Token not allowed in a PDFDocEncoded string,
(hyperref)                removing `\wd' on input line 67.


Package hyperref Warning: Token not allowed in a PDFDocEncoded string,
(hyperref)                removing `\z@' on input line 67.


Package hyperref Warning: Token not allowed in a PDFDocEncoded string,
(hyperref)                removing `\raise' on input line 67.


Package hyperref Warning: Token not allowed in a PDFDocEncoded string,
(hyperref)                removing `\dimen@' on input line 67.


Package hyperref Warning: Token not allowed in a PDFDocEncoded string,
(hyperref)                removing `\hbox' on input line 67.


Package hyperref Warning: Token not allowed in a PDFDocEncoded string,
(hyperref)                removing `\dimen' on input line 67.


Package hyperref Warning: Token not allowed in a PDFDocEncoded string,
(hyperref)                removing `\hss' on input line 67.


Package hyperref Warning: Token not allowed in a PDFDocEncoded string,
(hyperref)                removing `\box' on input line 67.


Package hyperref Warning: Token not allowed in a PDFDocEncoded string,
(hyperref)                removing `\tw@' on input line 67.


Package hyperref Warning: Token not allowed in a PDFDocEncoded string,
(hyperref)                removing `\hss' on input line 67.


Package hyperref Warning: Token not allowed in a PDFDocEncoded string,
(hyperref)                removing `\hbox' on input line 67.


Package hyperref Warning: Token not allowed in a PDFDocEncoded string,
(hyperref)                removing `\z@' on input line 67.


Package hyperref Warning: Token not allowed in a PDFDocEncoded string,
(hyperref)                removing `\hss' on input line 67.


Package hyperref Warning: Token not allowed in a PDFDocEncoded string,
(hyperref)                removing `\hbox' on input line 67.


Package hyperref Warning: Token not allowed in a PDFDocEncoded string,
(hyperref)                removing `\dimen' on input line 67.


Package hyperref Warning: Token not allowed in a PDFDocEncoded string,
(hyperref)                removing `\hss' on input line 67.


Package hyperref Warning: Token not allowed in a PDFDocEncoded string,
(hyperref)                removing `\box' on input line 67.


Package hyperref Warning: Token not allowed in a PDFDocEncoded string,
(hyperref)                removing `\z@' on input line 67.


Package hyperref Warning: Token not allowed in a PDFDocEncoded string,
(hyperref)                removing `\hss' on input line 67.


Package hyperref Warning: Token not allowed in a PDFDocEncoded string,
(hyperref)                removing `\setbox' on input line 67.


Package hyperref Warning: Token not allowed in a PDFDocEncoded string,
(hyperref)                removing `\z@' on input line 67.


Package hyperref Warning: Token not allowed in a PDFDocEncoded string,
(hyperref)                removing `\hbox' on input line 67.


Package hyperref Warning: Token not allowed in a PDFDocEncoded string,
(hyperref)                removing `math shift' on input line 67.


Package hyperref Warning: Token not allowed in a PDFDocEncoded string,
(hyperref)                removing `\mathsurround' on input line 67.


Package hyperref Warning: Token not allowed in a PDFDocEncoded string,
(hyperref)                removing `\z@' on input line 67.


Package hyperref Warning: Token not allowed in a PDFDocEncoded string,
(hyperref)                removing `\textstyle' on input line 67.


Package hyperref Warning: Token not allowed in a PDFDocEncoded string,
(hyperref)                removing `math shift' on input line 67.


Package hyperref Warning: Token not allowed in a PDFDocEncoded string,
(hyperref)                removing `\setbox' on input line 67.


Package hyperref Warning: Token not allowed in a PDFDocEncoded string,
(hyperref)                removing `\tw@' on input line 67.


Package hyperref Warning: Token not allowed in a PDFDocEncoded string,
(hyperref)                removing `\hbox' on input line 67.


Package hyperref Warning: Token not allowed in a PDFDocEncoded string,
(hyperref)                removing `math shift' on input line 67.


Package hyperref Warning: Token not allowed in a PDFDocEncoded string,
(hyperref)                removing `\mathsurround' on input line 67.


Package hyperref Warning: Token not allowed in a PDFDocEncoded string,
(hyperref)                removing `\z@' on input line 67.


Package hyperref Warning: Token not allowed in a PDFDocEncoded string,
(hyperref)                removing `\textstyle' on input line 67.


Package hyperref Warning: Token not allowed in a PDFDocEncoded string,
(hyperref)                removing `math shift' on input line 67.


Package hyperref Warning: Token not allowed in a PDFDocEncoded string,
(hyperref)                removing `\dimen' on input line 67.


Package hyperref Warning: Token not allowed in a PDFDocEncoded string,
(hyperref)                removing `\wd' on input line 67.


Package hyperref Warning: Token not allowed in a PDFDocEncoded string,
(hyperref)                removing `\z@' on input line 67.


Package hyperref Warning: Token not allowed in a PDFDocEncoded string,
(hyperref)                removing `\dimen@' on input line 67.


Package hyperref Warning: Token not allowed in a PDFDocEncoded string,
(hyperref)                removing `\ht' on input line 67.


Package hyperref Warning: Token not allowed in a PDFDocEncoded string,
(hyperref)                removing `\tw@' on input line 67.


Package hyperref Warning: Token not allowed in a PDFDocEncoded string,
(hyperref)                removing `\advance' on input line 67.


Package hyperref Warning: Token not allowed in a PDFDocEncoded string,
(hyperref)                removing `\dimen@' on input line 67.


Package hyperref Warning: Token not allowed in a PDFDocEncoded string,
(hyperref)                removing `\dp' on input line 67.


Package hyperref Warning: Token not allowed in a PDFDocEncoded string,
(hyperref)                removing `\tw@' on input line 67.


Package hyperref Warning: Token not allowed in a PDFDocEncoded string,
(hyperref)                removing `\advance' on input line 67.


Package hyperref Warning: Token not allowed in a PDFDocEncoded string,
(hyperref)                removing `\dimen@' on input line 67.


Package hyperref Warning: Token not allowed in a PDFDocEncoded string,
(hyperref)                removing `\ht' on input line 67.


Package hyperref Warning: Token not allowed in a PDFDocEncoded string,
(hyperref)                removing `\z@' on input line 67.


Package hyperref Warning: Token not allowed in a PDFDocEncoded string,
(hyperref)                removing `\advance' on input line 67.


Package hyperref Warning: Token not allowed in a PDFDocEncoded string,
(hyperref)                removing `\dimen@' on input line 67.


Package hyperref Warning: Token not allowed in a PDFDocEncoded string,
(hyperref)                removing `\dp' on input line 67.


Package hyperref Warning: Token not allowed in a PDFDocEncoded string,
(hyperref)                removing `\z@' on input line 67.


Package hyperref Warning: Token not allowed in a PDFDocEncoded string,
(hyperref)                removing `\divide' on input line 67.


Package hyperref Warning: Token not allowed in a PDFDocEncoded string,
(hyperref)                removing `\dimen@' on input line 67.


Package hyperref Warning: Token not allowed in a PDFDocEncoded string,
(hyperref)                removing `\tw@' on input line 67.


Package hyperref Warning: Token not allowed in a PDFDocEncoded string,
(hyperref)                removing `\advance' on input line 67.


Package hyperref Warning: Token not allowed in a PDFDocEncoded string,
(hyperref)                removing `\dimen@' on input line 67.


Package hyperref Warning: Token not allowed in a PDFDocEncoded string,
(hyperref)                removing `\ht' on input line 67.


Package hyperref Warning: Token not allowed in a PDFDocEncoded string,
(hyperref)                removing `\tw@' on input line 67.


Package hyperref Warning: Token not allowed in a PDFDocEncoded string,
(hyperref)                removing `\advance' on input line 67.


Package hyperref Warning: Token not allowed in a PDFDocEncoded string,
(hyperref)                removing `\dimen@' on input line 67.


Package hyperref Warning: Token not allowed in a PDFDocEncoded string,
(hyperref)                removing `\dp' on input line 67.


Package hyperref Warning: Token not allowed in a PDFDocEncoded string,
(hyperref)                removing `\tw@' on input line 67.


Package hyperref Warning: Token not allowed in a PDFDocEncoded string,
(hyperref)                removing `\dimen@ii' on input line 67.


Package hyperref Warning: Token not allowed in a PDFDocEncoded string,
(hyperref)                removing `\wd' on input line 67.


Package hyperref Warning: Token not allowed in a PDFDocEncoded string,
(hyperref)                removing `\z@' on input line 67.


Package hyperref Warning: Token not allowed in a PDFDocEncoded string,
(hyperref)                removing `\raise' on input line 67.


Package hyperref Warning: Token not allowed in a PDFDocEncoded string,
(hyperref)                removing `\dimen@' on input line 67.


Package hyperref Warning: Token not allowed in a PDFDocEncoded string,
(hyperref)                removing `\hbox' on input line 67.


Package hyperref Warning: Token not allowed in a PDFDocEncoded string,
(hyperref)                removing `\dimen' on input line 67.


Package hyperref Warning: Token not allowed in a PDFDocEncoded string,
(hyperref)                removing `\hss' on input line 67.


Package hyperref Warning: Token not allowed in a PDFDocEncoded string,
(hyperref)                removing `\box' on input line 67.


Package hyperref Warning: Token not allowed in a PDFDocEncoded string,
(hyperref)                removing `\tw@' on input line 67.


Package hyperref Warning: Token not allowed in a PDFDocEncoded string,
(hyperref)                removing `\hss' on input line 67.


Package hyperref Warning: Token not allowed in a PDFDocEncoded string,
(hyperref)                removing `\hbox' on input line 67.


Package hyperref Warning: Token not allowed in a PDFDocEncoded string,
(hyperref)                removing `\z@' on input line 67.


Package hyperref Warning: Token not allowed in a PDFDocEncoded string,
(hyperref)                removing `\hss' on input line 67.


Package hyperref Warning: Token not allowed in a PDFDocEncoded string,
(hyperref)                removing `\hbox' on input line 67.


Package hyperref Warning: Token not allowed in a PDFDocEncoded string,
(hyperref)                removing `\dimen' on input line 67.


Package hyperref Warning: Token not allowed in a PDFDocEncoded string,
(hyperref)                removing `\hss' on input line 67.


Package hyperref Warning: Token not allowed in a PDFDocEncoded string,
(hyperref)                removing `\box' on input line 67.


Package hyperref Warning: Token not allowed in a PDFDocEncoded string,
(hyperref)                removing `\z@' on input line 67.


Package hyperref Warning: Token not allowed in a PDFDocEncoded string,
(hyperref)                removing `\hss' on input line 67.


Package hyperref Warning: Token not allowed in a PDFDocEncoded string,
(hyperref)                removing `\setbox' on input line 67.


Package hyperref Warning: Token not allowed in a PDFDocEncoded string,
(hyperref)                removing `\z@' on input line 67.


Package hyperref Warning: Token not allowed in a PDFDocEncoded string,
(hyperref)                removing `\hbox' on input line 67.


Package hyperref Warning: Token not allowed in a PDFDocEncoded string,
(hyperref)                removing `math shift' on input line 67.


Package hyperref Warning: Token not allowed in a PDFDocEncoded string,
(hyperref)                removing `\mathsurround' on input line 67.


Package hyperref Warning: Token not allowed in a PDFDocEncoded string,
(hyperref)                removing `\z@' on input line 67.


Package hyperref Warning: Token not allowed in a PDFDocEncoded string,
(hyperref)                removing `\scriptstyle' on input line 67.


Package hyperref Warning: Token not allowed in a PDFDocEncoded string,
(hyperref)                removing `math shift' on input line 67.


Package hyperref Warning: Token not allowed in a PDFDocEncoded string,
(hyperref)                removing `\setbox' on input line 67.


Package hyperref Warning: Token not allowed in a PDFDocEncoded string,
(hyperref)                removing `\tw@' on input line 67.


Package hyperref Warning: Token not allowed in a PDFDocEncoded string,
(hyperref)                removing `\hbox' on input line 67.


Package hyperref Warning: Token not allowed in a PDFDocEncoded string,
(hyperref)                removing `math shift' on input line 67.


Package hyperref Warning: Token not allowed in a PDFDocEncoded string,
(hyperref)                removing `\mathsurround' on input line 67.


Package hyperref Warning: Token not allowed in a PDFDocEncoded string,
(hyperref)                removing `\z@' on input line 67.


Package hyperref Warning: Token not allowed in a PDFDocEncoded string,
(hyperref)                removing `\scriptstyle' on input line 67.


Package hyperref Warning: Token not allowed in a PDFDocEncoded string,
(hyperref)                removing `math shift' on input line 67.


Package hyperref Warning: Token not allowed in a PDFDocEncoded string,
(hyperref)                removing `\dimen' on input line 67.


Package hyperref Warning: Token not allowed in a PDFDocEncoded string,
(hyperref)                removing `\wd' on input line 67.


Package hyperref Warning: Token not allowed in a PDFDocEncoded string,
(hyperref)                removing `\z@' on input line 67.


Package hyperref Warning: Token not allowed in a PDFDocEncoded string,
(hyperref)                removing `\dimen@' on input line 67.


Package hyperref Warning: Token not allowed in a PDFDocEncoded string,
(hyperref)                removing `\ht' on input line 67.


Package hyperref Warning: Token not allowed in a PDFDocEncoded string,
(hyperref)                removing `\tw@' on input line 67.


Package hyperref Warning: Token not allowed in a PDFDocEncoded string,
(hyperref)                removing `\advance' on input line 67.


Package hyperref Warning: Token not allowed in a PDFDocEncoded string,
(hyperref)                removing `\dimen@' on input line 67.


Package hyperref Warning: Token not allowed in a PDFDocEncoded string,
(hyperref)                removing `\dp' on input line 67.


Package hyperref Warning: Token not allowed in a PDFDocEncoded string,
(hyperref)                removing `\tw@' on input line 67.


Package hyperref Warning: Token not allowed in a PDFDocEncoded string,
(hyperref)                removing `\advance' on input line 67.


Package hyperref Warning: Token not allowed in a PDFDocEncoded string,
(hyperref)                removing `\dimen@' on input line 67.


Package hyperref Warning: Token not allowed in a PDFDocEncoded string,
(hyperref)                removing `\ht' on input line 67.


Package hyperref Warning: Token not allowed in a PDFDocEncoded string,
(hyperref)                removing `\z@' on input line 67.


Package hyperref Warning: Token not allowed in a PDFDocEncoded string,
(hyperref)                removing `\advance' on input line 67.


Package hyperref Warning: Token not allowed in a PDFDocEncoded string,
(hyperref)                removing `\dimen@' on input line 67.


Package hyperref Warning: Token not allowed in a PDFDocEncoded string,
(hyperref)                removing `\dp' on input line 67.


Package hyperref Warning: Token not allowed in a PDFDocEncoded string,
(hyperref)                removing `\z@' on input line 67.


Package hyperref Warning: Token not allowed in a PDFDocEncoded string,
(hyperref)                removing `\divide' on input line 67.


Package hyperref Warning: Token not allowed in a PDFDocEncoded string,
(hyperref)                removing `\dimen@' on input line 67.


Package hyperref Warning: Token not allowed in a PDFDocEncoded string,
(hyperref)                removing `\tw@' on input line 67.


Package hyperref Warning: Token not allowed in a PDFDocEncoded string,
(hyperref)                removing `\advance' on input line 67.


Package hyperref Warning: Token not allowed in a PDFDocEncoded string,
(hyperref)                removing `\dimen@' on input line 67.


Package hyperref Warning: Token not allowed in a PDFDocEncoded string,
(hyperref)                removing `\ht' on input line 67.


Package hyperref Warning: Token not allowed in a PDFDocEncoded string,
(hyperref)                removing `\tw@' on input line 67.


Package hyperref Warning: Token not allowed in a PDFDocEncoded string,
(hyperref)                removing `\advance' on input line 67.


Package hyperref Warning: Token not allowed in a PDFDocEncoded string,
(hyperref)                removing `\dimen@' on input line 67.


Package hyperref Warning: Token not allowed in a PDFDocEncoded string,
(hyperref)                removing `\dp' on input line 67.


Package hyperref Warning: Token not allowed in a PDFDocEncoded string,
(hyperref)                removing `\tw@' on input line 67.


Package hyperref Warning: Token not allowed in a PDFDocEncoded string,
(hyperref)                removing `\dimen@ii' on input line 67.


Package hyperref Warning: Token not allowed in a PDFDocEncoded string,
(hyperref)                removing `\wd' on input line 67.


Package hyperref Warning: Token not allowed in a PDFDocEncoded string,
(hyperref)                removing `\z@' on input line 67.


Package hyperref Warning: Token not allowed in a PDFDocEncoded string,
(hyperref)                removing `\raise' on input line 67.


Package hyperref Warning: Token not allowed in a PDFDocEncoded string,
(hyperref)                removing `\dimen@' on input line 67.


Package hyperref Warning: Token not allowed in a PDFDocEncoded string,
(hyperref)                removing `\hbox' on input line 67.


Package hyperref Warning: Token not allowed in a PDFDocEncoded string,
(hyperref)                removing `\dimen' on input line 67.


Package hyperref Warning: Token not allowed in a PDFDocEncoded string,
(hyperref)                removing `\hss' on input line 67.


Package hyperref Warning: Token not allowed in a PDFDocEncoded string,
(hyperref)                removing `\box' on input line 67.


Package hyperref Warning: Token not allowed in a PDFDocEncoded string,
(hyperref)                removing `\tw@' on input line 67.


Package hyperref Warning: Token not allowed in a PDFDocEncoded string,
(hyperref)                removing `\hss' on input line 67.


Package hyperref Warning: Token not allowed in a PDFDocEncoded string,
(hyperref)                removing `\hbox' on input line 67.


Package hyperref Warning: Token not allowed in a PDFDocEncoded string,
(hyperref)                removing `\z@' on input line 67.


Package hyperref Warning: Token not allowed in a PDFDocEncoded string,
(hyperref)                removing `\hss' on input line 67.


Package hyperref Warning: Token not allowed in a PDFDocEncoded string,
(hyperref)                removing `\hbox' on input line 67.


Package hyperref Warning: Token not allowed in a PDFDocEncoded string,
(hyperref)                removing `\dimen' on input line 67.


Package hyperref Warning: Token not allowed in a PDFDocEncoded string,
(hyperref)                removing `\hss' on input line 67.


Package hyperref Warning: Token not allowed in a PDFDocEncoded string,
(hyperref)                removing `\box' on input line 67.


Package hyperref Warning: Token not allowed in a PDFDocEncoded string,
(hyperref)                removing `\z@' on input line 67.


Package hyperref Warning: Token not allowed in a PDFDocEncoded string,
(hyperref)                removing `\hss' on input line 67.


Package hyperref Warning: Token not allowed in a PDFDocEncoded string,
(hyperref)                removing `\setbox' on input line 67.


Package hyperref Warning: Token not allowed in a PDFDocEncoded string,
(hyperref)                removing `\z@' on input line 67.


Package hyperref Warning: Token not allowed in a PDFDocEncoded string,
(hyperref)                removing `\hbox' on input line 67.


Package hyperref Warning: Token not allowed in a PDFDocEncoded string,
(hyperref)                removing `math shift' on input line 67.


Package hyperref Warning: Token not allowed in a PDFDocEncoded string,
(hyperref)                removing `\mathsurround' on input line 67.


Package hyperref Warning: Token not allowed in a PDFDocEncoded string,
(hyperref)                removing `\z@' on input line 67.


Package hyperref Warning: Token not allowed in a PDFDocEncoded string,
(hyperref)                removing `\scriptscriptstyle' on input line 67.


Package hyperref Warning: Token not allowed in a PDFDocEncoded string,
(hyperref)                removing `math shift' on input line 67.


Package hyperref Warning: Token not allowed in a PDFDocEncoded string,
(hyperref)                removing `\setbox' on input line 67.


Package hyperref Warning: Token not allowed in a PDFDocEncoded string,
(hyperref)                removing `\tw@' on input line 67.


Package hyperref Warning: Token not allowed in a PDFDocEncoded string,
(hyperref)                removing `\hbox' on input line 67.


Package hyperref Warning: Token not allowed in a PDFDocEncoded string,
(hyperref)                removing `math shift' on input line 67.


Package hyperref Warning: Token not allowed in a PDFDocEncoded string,
(hyperref)                removing `\mathsurround' on input line 67.


Package hyperref Warning: Token not allowed in a PDFDocEncoded string,
(hyperref)                removing `\z@' on input line 67.


Package hyperref Warning: Token not allowed in a PDFDocEncoded string,
(hyperref)                removing `\scriptscriptstyle' on input line 67.


Package hyperref Warning: Token not allowed in a PDFDocEncoded string,
(hyperref)                removing `math shift' on input line 67.


Package hyperref Warning: Token not allowed in a PDFDocEncoded string,
(hyperref)                removing `\dimen' on input line 67.


Package hyperref Warning: Token not allowed in a PDFDocEncoded string,
(hyperref)                removing `\wd' on input line 67.


Package hyperref Warning: Token not allowed in a PDFDocEncoded string,
(hyperref)                removing `\z@' on input line 67.


Package hyperref Warning: Token not allowed in a PDFDocEncoded string,
(hyperref)                removing `\dimen@' on input line 67.


Package hyperref Warning: Token not allowed in a PDFDocEncoded string,
(hyperref)                removing `\ht' on input line 67.


Package hyperref Warning: Token not allowed in a PDFDocEncoded string,
(hyperref)                removing `\tw@' on input line 67.


Package hyperref Warning: Token not allowed in a PDFDocEncoded string,
(hyperref)                removing `\advance' on input line 67.


Package hyperref Warning: Token not allowed in a PDFDocEncoded string,
(hyperref)                removing `\dimen@' on input line 67.


Package hyperref Warning: Token not allowed in a PDFDocEncoded string,
(hyperref)                removing `\dp' on input line 67.


Package hyperref Warning: Token not allowed in a PDFDocEncoded string,
(hyperref)                removing `\tw@' on input line 67.


Package hyperref Warning: Token not allowed in a PDFDocEncoded string,
(hyperref)                removing `\advance' on input line 67.


Package hyperref Warning: Token not allowed in a PDFDocEncoded string,
(hyperref)                removing `\dimen@' on input line 67.


Package hyperref Warning: Token not allowed in a PDFDocEncoded string,
(hyperref)                removing `\ht' on input line 67.


Package hyperref Warning: Token not allowed in a PDFDocEncoded string,
(hyperref)                removing `\z@' on input line 67.


Package hyperref Warning: Token not allowed in a PDFDocEncoded string,
(hyperref)                removing `\advance' on input line 67.


Package hyperref Warning: Token not allowed in a PDFDocEncoded string,
(hyperref)                removing `\dimen@' on input line 67.


Package hyperref Warning: Token not allowed in a PDFDocEncoded string,
(hyperref)                removing `\dp' on input line 67.


Package hyperref Warning: Token not allowed in a PDFDocEncoded string,
(hyperref)                removing `\z@' on input line 67.


Package hyperref Warning: Token not allowed in a PDFDocEncoded string,
(hyperref)                removing `\divide' on input line 67.


Package hyperref Warning: Token not allowed in a PDFDocEncoded string,
(hyperref)                removing `\dimen@' on input line 67.


Package hyperref Warning: Token not allowed in a PDFDocEncoded string,
(hyperref)                removing `\tw@' on input line 67.


Package hyperref Warning: Token not allowed in a PDFDocEncoded string,
(hyperref)                removing `\advance' on input line 67.


Package hyperref Warning: Token not allowed in a PDFDocEncoded string,
(hyperref)                removing `\dimen@' on input line 67.


Package hyperref Warning: Token not allowed in a PDFDocEncoded string,
(hyperref)                removing `\ht' on input line 67.


Package hyperref Warning: Token not allowed in a PDFDocEncoded string,
(hyperref)                removing `\tw@' on input line 67.


Package hyperref Warning: Token not allowed in a PDFDocEncoded string,
(hyperref)                removing `\advance' on input line 67.


Package hyperref Warning: Token not allowed in a PDFDocEncoded string,
(hyperref)                removing `\dimen@' on input line 67.


Package hyperref Warning: Token not allowed in a PDFDocEncoded string,
(hyperref)                removing `\dp' on input line 67.


Package hyperref Warning: Token not allowed in a PDFDocEncoded string,
(hyperref)                removing `\tw@' on input line 67.


Package hyperref Warning: Token not allowed in a PDFDocEncoded string,
(hyperref)                removing `\dimen@ii' on input line 67.


Package hyperref Warning: Token not allowed in a PDFDocEncoded string,
(hyperref)                removing `\wd' on input line 67.


Package hyperref Warning: Token not allowed in a PDFDocEncoded string,
(hyperref)                removing `\z@' on input line 67.


Package hyperref Warning: Token not allowed in a PDFDocEncoded string,
(hyperref)                removing `\raise' on input line 67.


Package hyperref Warning: Token not allowed in a PDFDocEncoded string,
(hyperref)                removing `\dimen@' on input line 67.


Package hyperref Warning: Token not allowed in a PDFDocEncoded string,
(hyperref)                removing `\hbox' on input line 67.


Package hyperref Warning: Token not allowed in a PDFDocEncoded string,
(hyperref)                removing `\dimen' on input line 67.


Package hyperref Warning: Token not allowed in a PDFDocEncoded string,
(hyperref)                removing `\hss' on input line 67.


Package hyperref Warning: Token not allowed in a PDFDocEncoded string,
(hyperref)                removing `\box' on input line 67.


Package hyperref Warning: Token not allowed in a PDFDocEncoded string,
(hyperref)                removing `\tw@' on input line 67.


Package hyperref Warning: Token not allowed in a PDFDocEncoded string,
(hyperref)                removing `\hss' on input line 67.


Package hyperref Warning: Token not allowed in a PDFDocEncoded string,
(hyperref)                removing `\hbox' on input line 67.


Package hyperref Warning: Token not allowed in a PDFDocEncoded string,
(hyperref)                removing `\z@' on input line 67.


Package hyperref Warning: Token not allowed in a PDFDocEncoded string,
(hyperref)                removing `\hss' on input line 67.


Package hyperref Warning: Token not allowed in a PDFDocEncoded string,
(hyperref)                removing `\hbox' on input line 67.


Package hyperref Warning: Token not allowed in a PDFDocEncoded string,
(hyperref)                removing `\dimen' on input line 67.


Package hyperref Warning: Token not allowed in a PDFDocEncoded string,
(hyperref)                removing `\hss' on input line 67.


Package hyperref Warning: Token not allowed in a PDFDocEncoded string,
(hyperref)                removing `\box' on input line 67.


Package hyperref Warning: Token not allowed in a PDFDocEncoded string,
(hyperref)                removing `\z@' on input line 67.


Package hyperref Warning: Token not allowed in a PDFDocEncoded string,
(hyperref)                removing `\hss' on input line 67.


Package hyperref Warning: Token not allowed in a PDFDocEncoded string,
(hyperref)                removing `subscript' on input line 67.


Package hyperref Warning: Token not allowed in a PDFDocEncoded string,
(hyperref)                removing `math shift' on input line 67.


LaTeX Warning: No positions in optional float specifier.
               Default added (so using `!tbp') on input line 97.

<Figures/Diagrams.pdf, id=78, 592.40677pt x 149.10104pt>
File: Figures/Diagrams.pdf Graphic file (type pdf)

<use Figures/Diagrams.pdf> [2]

! LaTeX Error: There's no line here to end.

See the LaTeX manual or LaTeX Companion for explanation.
Type  H <return>  for immediate help.
 ...                                              
                                                  
l.109 T
       he set-up for the homegrown EMs production, including the description...

? 
! Undefined control sequence.
<argument> ...hat $m_{\tilde q}= x\cdot m_{\tidle 
                                                  g} + (1-x)\cdot m_{\tilde ...
l.129 ...hi _1 ^0)$=(5,10,15) GeV were produced. }
                                                  
? 
! Undefined control sequence.
<argument> ...hat $m_{\tilde q}= x\cdot m_{\tidle 
                                                  g} + (1-x)\cdot m_{\tilde ...
l.129 ...hi _1 ^0)$=(5,10,15) GeV were produced. }
                                                  
? 
! Undefined control sequence.
<argument> ...hat $m_{\tilde q}= x\cdot m_{\tidle 
                                                  g} + (1-x)\cdot m_{\tilde ...
l.129 ...hi _1 ^0)$=(5,10,15) GeV were produced. }
                                                  
? 
[3 <./Figures/Diagrams.pdf>]

LaTeX Warning: No positions in optional float specifier.
               Default added (so using `!tbp') on input line 158.

! Undefined control sequence.
l.160 \subfigure
                
? 
<PLOTS/BINO_Comparison_Gluino.png, id=203, 532.26855pt x 408.3255pt>
File: PLOTS/BINO_Comparison_Gluino.png Graphic file (type png)

<use PLOTS/BINO_Comparison_Gluino.png>
! Undefined control sequence.
l.162 \subfigure
                
? 
<PLOTS/HIGGSINO_Comparison_Gluino.png, id=204, 532.26855pt x 408.3255pt>
File: PLOTS/HIGGSINO_Comparison_Gluino.png Graphic file (type png)

<use PLOTS/HIGGSINO_Comparison_Gluino.png>
! Undefined control sequence.
\MGLU ->$ m _{ \tilde g } $\xspace 
                                   
l.165 ...d for this work, is shown in slate blue.}
                                                  
? 
! Undefined control sequence.
\MGLU ->$ m _{ \tilde g } $\xspace 
                                   
l.165 ...d for this work, is shown in slate blue.}
                                                  
? 
! Undefined control sequence.
\MGLU ->$ m _{ \tilde g } $\xspace 
                                   
l.165 ...d for this work, is shown in slate blue.}
                                                  
? 

LaTeX Warning: No positions in optional float specifier.
               Default added (so using `!tbp') on input line 169.

! Undefined control sequence.
l.171 \subfigure
                
? 
<PLOTS/BINO_Comparison_Squark.png, id=207, 532.6299pt x 408.68684pt>
File: PLOTS/BINO_Comparison_Squark.png Graphic file (type png)

<use PLOTS/BINO_Comparison_Squark.png>
! Undefined control sequence.
l.173 \subfigure
                
? 
<PLOTS/HIGGSINO_Comparison_Squark.png, id=208, 532.6299pt x 408.68684pt>
File: PLOTS/HIGGSINO_Comparison_Squark.png Graphic file (type png)

<use PLOTS/HIGGSINO_Comparison_Squark.png>
! Undefined control sequence.
\MSQ ->$ m _{ \tilde q } $\xspace 
                                  
l.176 ...exclusion_gluino} as a function of \MSQ.}
                                                  
? 
! Undefined control sequence.
\MSQ ->$ m _{ \tilde q } $\xspace 
                                  
l.176 ...exclusion_gluino} as a function of \MSQ.}
                                                  
? 
! Undefined control sequence.
<recently read> \tidle 
                       
l.181 ...signals from $\tilde g \tilde g$, $\tidle
                                                   q \tilde q$ and $\tilde g...

? 
[4]
! Undefined control sequence.
l.189 \subfigure
                
? 

<PLOTS/BINO_Txnames_Contribution_ATLAS02_Gluino.png, id=230, 532.67241pt x 414.
4897pt>
File: PLOTS/BINO_Txnames_Contribution_ATLAS02_Gluino.png Graphic file (type png
)
 <use PLOTS/BINO_Txnames_Contribution_ATLAS02_Gluino.png>
! Undefined control sequence.
l.191 \subfigure
                
? 

<PLOTS/HIGGSINO_Txnames_Contribution_ATLAS02_Gluino.png, id=231, 532.67241pt x 
414.4897pt>
File: PLOTS/HIGGSINO_Txnames_Contribution_ATLAS02_Gluino.png Graphic file (type
 png)
 <use PLOTS/HIGGSINO_Txnames_Contribution_ATLAS02_Gluino.png>
! Undefined control sequence.
\MGLU ->$ m _{ \tilde g } $\xspace 
                                   
l.194 ...otal number of points excluded is shown.}
                                                  
? 
! Undefined control sequence.
\MGLU ->$ m _{ \tilde g } $\xspace 
                                   
l.194 ...otal number of points excluded is shown.}
                                                  
? 
! Undefined control sequence.
\MGLU ->$ m _{ \tilde g } $\xspace 
                                   
l.194 ...otal number of points excluded is shown.}
                                                  
? 

LaTeX Warning: No positions in optional float specifier.
               Default added (so using `!tbp') on input line 198.

! Undefined control sequence.
l.200 \subfigure
                
? 

<PLOTS/BINO_Txnames_Contribution_ATLAS02_Squark.png, id=232, 533.09753pt x 414.
91483pt>
File: PLOTS/BINO_Txnames_Contribution_ATLAS02_Squark.png Graphic file (type png
)
 <use PLOTS/BINO_Txnames_Contribution_ATLAS02_Squark.png>
! Undefined control sequence.
l.202 \subfigure
                
? 

<PLOTS/HIGGSINO_Txnames_Contribution_ATLAS02_Squark.png, id=233, 533.09753pt x 
414.91483pt>
File: PLOTS/HIGGSINO_Txnames_Contribution_ATLAS02_Squark.png Graphic file (type
 png)
 <use PLOTS/HIGGSINO_Txnames_Contribution_ATLAS02_Squark.png>
! Undefined control sequence.
\MSQ ->$ m _{ \tilde q } $\xspace 
                                  
l.205 ...mbination_gluino} as a function of \MSQ.}
                                                  
? 
! Undefined control sequence.
\MSQ ->$ m _{ \tilde q } $\xspace 
                                  
l.205 ...mbination_gluino} as a function of \MSQ.}
                                                  
? 
! Too many }'s.
\@endfloatbox ...pagefalse \outer@nobreak \egroup 
                                                  \color@endbox 
l.211 \end{figure}
                  
? 
! Extra \endgroup.
\color@endgroup ->\endgraf \endgroup 
                                     
l.211 \end{figure}
                  
? 
! Too many }'s.
\color@endbox ->\color@endgroup \egroup 
                                        
l.211 \end{figure}
                  
? 

! LaTeX Error: \begin{document} ended by \end{figure}.

See the LaTeX manual or LaTeX Companion for explanation.
Type  H <return>  for immediate help.
 ...                                              
                                                  
l.211 \end{figure}
                  
? 
! Extra \endgroup.
<recently read> \endgroup 
                          
l.211 \end{figure}
                  
? 

LaTeX Warning: No positions in optional float specifier.
               Default added (so using `!tbp') on input line 212.

! Undefined control sequence.
l.214 \subfigure
                
? 
<PLOTS/BINO_rValus_Glu_Sq.png, id=236, 524.39111pt x 415.40796pt>
File: PLOTS/BINO_rValus_Glu_Sq.png Graphic file (type png)

<use PLOTS/BINO_rValus_Glu_Sq.png>
! Undefined control sequence.
l.216 \subfigure
                
? 
<PLOTS/HIGGSINO_rValus_Glu_Sq.png, id=237, 524.39111pt x 415.40796pt>
File: PLOTS/HIGGSINO_rValus_Glu_Sq.png Graphic file (type png)

<use PLOTS/HIGGSINO_rValus_Glu_Sq.png> [5 <./PLOTS/BINO_Comparison_Gluino.png> 
<./PLOTS/HIGGSINO_Comparison_Gluino.png> <./PLOTS/BINO_Comparison_Squark.png> <
./PLOTS/HIGGSINO_Comparison_Squark.png>] [6 <./PLOTS/BINO_Txnames_Contribution_
ATLAS02_Gluino.png> <./PLOTS/HIGGSINO_Txnames_Contribution_ATLAS02_Gluino.png> 
<./PLOTS/BINO_Txnames_Contribution_ATLAS02_Squark.png> <./PLOTS/HIGGSINO_Txname
s_Contribution_ATLAS02_Squark.png>] [7 <./PLOTS/BINO_rValus_Glu_Sq.png> <./PLOT
S/HIGGSINO_rValus_Glu_Sq.png>]
Overfull \hbox (9.2234pt too wide) in paragraph at lines 230--231
\T1/cmss/m/n/10.95 The fol-low-ing Ta-bles [][]3[][] and [][]4[][] com-pare the
 up-per lim-its ob-tained for the mass point ($\OML/cmm/m/it/10.95 M[]; M[]; M[
]\OT1/cmr/m/n/10.95 ) =
 []


Overfull \hbox (12.41779pt too wide) in paragraph at lines 230--231
\OT1/cmr/m/n/10.95 (1000\OML/cmm/m/it/10.95 ; \OT1/cmr/m/n/10.95 200\OML/cmm/m/
it/10.95 ; \OT1/cmr/m/n/10.95 190)\OML/cmm/m/it/10.95 ; \OT1/cmr/m/n/10.95 (120
0\OML/cmm/m/it/10.95 ; \OT1/cmr/m/n/10.95 600\OML/cmm/m/it/10.95 ; \OT1/cmr/m/n
/10.95 500)$ \T1/cmss/m/n/10.95 [GeV] for the two dif-fer-ent hi-er-ar-chy mod-
els \T1/cmss/m/it/10.95 T3GQ\T1/cmss/m/n/10.95 ($\OML/cmm/m/it/10.95 m[]; m[]; 
m[]$\T1/cmss/m/n/10.95 )
 []

(./jhepexample.bbl
Underfull \vbox (badness 10000) has occurred while \output is active []

 [8

])

Package natbib Warning: There were undefined citations.

[9] (./jhepexample.aux) ) 
Here is how much of TeX's memory you used:
 4322 strings out of 256214
 56845 string characters out of 1917000
 118862 words of memory out of 1500000
 7460 multiletter control sequences out of 10000+200000
 35133 words of font info for 90 fonts, out of 1200000 for 2000
 645 hyphenation exceptions out of 8191
 39i,13n,47p,2026b,468s stack positions out of 5000i,500n,6000p,200000b,15000s
 </afs/hephy.at/user/f/fambrogi/.texlive2007/texmf-var
/fonts/pk/ljfour/jknappen/ec/ectt1000.600pk> </afs/hephy.at/user/f/fambrogi/.te
xlive2007/texmf-var/fonts/pk/ljfour/jknappen/ec/ecsi1000.600pk> </afs/hephy.at/
user/f/fambrogi/.texlive2007/texmf-var/fonts/pk/ljfour/jknappen/ec/ecss1000.600
pk> </afs/hephy.at/user/f/fambrogi/.texlive2007/texmf-var/fonts/pk/ljfour/jknap
pen/ec/ecbx0800.600pk> </afs/hephy.at/user/f/fambrogi/.texlive2007/texmf-var/fo
nts/pk/ljfour/jknappen/ec/ecrm0800.600pk> </afs/hephy.at/user/f/fambrogi/.texli
ve2007/texmf-var/fonts/pk/ljfour/jknappen/ec/ecrm0900.600pk> </afs/hephy.at/use
r/f/fambrogi/.texlive2007/texmf-var/fonts/pk/ljfour/jknappen/ec/ecti0900.600pk>
 </afs/hephy.at/user/f/fambrogi/.texlive2007/texmf-var/fonts/pk/ljfour/jknappen
/ec/ecbx0900.600pk> </afs/hephy.at/user/f/fambrogi/.texlive2007/texmf-var/fonts
/pk/ljfour/jknappen/ec/eccc1000.600pk> </afs/hephy.at/user/f/fambrogi/.texlive2
007/texmf-var/fonts/pk/ljfour/jknappen/ec/ecrm1000.600pk> </afs/hephy.at/user/f
/fambrogi/.texlive2007/texmf-var/fonts/pk/ljfour/jknappen/ec/ecbx1000.600pk> </
afs/hephy.at/user/f/fambrogi/.texlive2007/texmf-var/fonts/pk/ljfour/jknappen/ec
/ecsi1095.600pk> </afs/hephy.at/user/f/fambrogi/.texlive2007/texmf-var/fonts/pk
/ljfour/jknappen/ec/eccc1095.600pk> </afs/hephy.at/user/f/fambrogi/.texlive2007
/texmf-var/fonts/pk/ljfour/jknappen/ec/ecss1095.600pk> </afs/hephy.at/user/f/fa
mbrogi/.texlive2007/texmf-var/fonts/pk/ljfour/jknappen/ec/ecbx1095.600pk> </afs
/hephy.at/user/f/fambrogi/.texlive2007/texmf-var/fonts/pk/ljfour/jknappen/ec/ec
bx1200.600pk> </afs/hephy.at/user/f/fambrogi/.texlive2007/texmf-var/fonts/pk/lj
four/jknappen/ec/ecrm1095.600pk> </afs/hephy.at/user/f/fambrogi/.texlive2007/te
xmf-var/fonts/pk/ljfour/jknappen/ec/ectt1095.600pk> </afs/hephy.at/user/f/fambr
ogi/.texlive2007/texmf-var/fonts/pk/ljfour/jknappen/ec/ecti1095.600pk> </afs/he
phy.at/user/f/fambrogi/.texlive2007/texmf-var/fonts/pk/ljfour/jknappen/ec/ecti1
000.600pk> </afs/hephy.at/user/f/fambrogi/.texlive2007/texmf-var/fonts/pk/ljfou
r/jknappen/ec/ecsx1095.600pk> </afs/hephy.at/user/f/fambrogi/.texlive2007/texmf
-var/fonts/pk/ljfour/jknappen/ec/ecsx1728.600pk></usr/share/texmf/fonts/type1/b
luesky/cm/cmmi10.pfb></usr/share/texmf/fonts/type1/bluesky/cm/cmmi12.pfb></usr/
share/texmf/fonts/type1/bluesky/cm/cmmi6.pfb></usr/share/texmf/fonts/type1/blue
sky/cm/cmmi7.pfb></usr/share/texmf/fonts/type1/bluesky/cm/cmmi8.pfb></usr/share
/texmf/fonts/type1/bluesky/cm/cmmi9.pfb></usr/share/texmf/fonts/type1/bluesky/c
m/cmmib10.pfb></usr/share/texmf/fonts/type1/bluesky/cm/cmr10.pfb></usr/share/te
xmf/fonts/type1/bluesky/cm/cmr5.pfb></usr/share/texmf/fonts/type1/bluesky/cm/cm
r6.pfb></usr/share/texmf/fonts/type1/bluesky/cm/cmr7.pfb></usr/share/texmf/font
s/type1/bluesky/cm/cmr8.pfb></usr/share/texmf/fonts/type1/bluesky/cm/cmr9.pfb><
/usr/share/texmf/fonts/type1/bluesky/cm/cmsy10.pfb>
Output written on jhepexample.pdf (10 pages, 1893343 bytes).
PDF statistics:
 1017 PDF objects out of 1200 (max. 8388607)
 37 named destinations out of 1000 (max. 131072)
 128 words of extra memory for PDF output out of 10000 (max. 10000000)

